Connecting to database specified by database.yml
Connecting to database specified by database.yml
Connecting to database specified by database.yml
Compiled adminjavascripts/application.js  (0ms)  (pid 3792)
Compiled jquery.js  (5ms)  (pid 3792)
Compiled jquery_ujs.js  (0ms)  (pid 3792)
Compiled jquery-ui.js  (79ms)  (pid 3792)
Compiled dataTables/jquery.dataTables.js  (7ms)  (pid 3792)
Compiled adminjavascripts/anylinkmenu.js  (0ms)  (pid 3792)
Compiled adminjavascripts/child_table_commmon_functionality.js  (0ms)  (pid 3792)
Compiled adminjavascripts/controls.js  (1ms)  (pid 3792)
Compiled adminjavascripts/dragdrop.js  (1ms)  (pid 3792)
Compiled adminjavascripts/droplicious.js  (0ms)  (pid 3792)
Compiled adminjavascripts/effects.js  (1ms)  (pid 3792)
Compiled adminjavascripts/jquery-1.7.1.min.js  (3ms)  (pid 3792)
Compiled adminjavascripts/jquery.autocomplete.js  (0ms)  (pid 3792)
Compiled adminjavascripts/jquery.cookie.js  (1ms)  (pid 3792)
Compiled adminjavascripts/jquery.dataTables.js  (6ms)  (pid 3792)
Compiled adminjavascripts/jquery.js  (1ms)  (pid 3792)
Compiled adminjavascripts/jquery.min.js  (1ms)  (pid 3792)
Compiled adminjavascripts/jquery.reveal.js  (0ms)  (pid 3792)
Compiled adminjavascripts/jquery.tools.min.js  (2ms)  (pid 3792)
Compiled adminjavascripts/nicetitle.js  (0ms)  (pid 3792)
Compiled adminjavascripts/prototype.js  (3ms)  (pid 3792)
Compiled adminjavascripts/shortcut.js  (0ms)  (pid 3792)
Compiled adminjavascripts/tcal.js  (0ms)  (pid 3792)
Compiled bookappointments.js  (118ms)  (pid 3792)
Compiled calendarjs/datepicker.js  (1ms)  (pid 3792)
Compiled calendarjs/eye.js  (0ms)  (pid 3792)
Compiled calendarjs/jquery.js  (3ms)  (pid 3792)
Compiled calendarjs/layout.js  (0ms)  (pid 3792)
Compiled calendarjs/utils.js  (0ms)  (pid 3792)
Compiled city.js  (6ms)  (pid 3792)
Compiled clinic_flows.js  (1ms)  (pid 3792)
Compiled clinic_profile_masters.js  (1ms)  (pid 3792)
Compiled clinic_timings.js  (1ms)  (pid 3792)
Compiled consultant_masters.js  (1ms)  (pid 3792)
Compiled core.js  (4ms)  (pid 3792)
Compiled dataTables/ColumnFilterWidgets.js  (0ms)  (pid 3792)
Compiled dataTables/jquery.dataTables.columnFilter.js  (1ms)  (pid 3792)
Compiled dataTables/jquery.dataTables.min.js  (2ms)  (pid 3792)
Compiled demos.js  (1ms)  (pid 3792)
Compiled doctor_assignments.js  (1ms)  (pid 3792)
Compiled doctor_educations.js  (1ms)  (pid 3792)
Compiled doctor_flows.js  (1ms)  (pid 3792)
Compiled doctor_timings.js  (1ms)  (pid 3792)
Compiled en.js  (0ms)  (pid 3792)
Compiled eventcaljs/dookeventcal/jquery.eventCalendar.js  (0ms)  (pid 3792)
Compiled eventcaljs/jquery.eventCalendar.js  (0ms)  (pid 3792)
Compiled eventcaljs/jquery.eventCalendar.min.js  (0ms)  (pid 3792)
Compiled eventcaljs/jquery.eventCalendar.min1.js  (0ms)  (pid 3792)
Compiled eventcaljs/jquery.eventCalendar1.js  (0ms)  (pid 3792)
Compiled eventcaljs/jquery.timeago.js  (0ms)  (pid 3792)
Compiled eventcaljs/jquery.timeago1.js  (0ms)  (pid 3792)
Compiled ga.js  (1ms)  (pid 3792)
Compiled glDatePicker.js  (1ms)  (pid 3792)
Compiled glDatePicker.min.js  (0ms)  (pid 3792)
Compiled gmaps4rails/gmaps4rails.base.js  (226ms)  (pid 3792)
Compiled gmaps4rails/gmaps4rails.bing.js  (65ms)  (pid 3792)
Compiled gmaps4rails/gmaps4rails.googlemaps.js  (77ms)  (pid 3792)
Compiled gmaps4rails/gmaps4rails.mapquest.js  (42ms)  (pid 3792)
Compiled gmaps4rails/gmaps4rails.openlayers.js  (57ms)  (pid 3792)
Compiled idselector.js  (0ms)  (pid 3792)
Compiled jquery-1.8.3.js  (5ms)  (pid 3792)
Compiled jquery-ui-datepicker.min.js  (1ms)  (pid 3792)
Compiled jquery.lavalamp-1.4.js  (3ms)  (pid 3792)
Compiled jquery.min.js  (1ms)  (pid 3792)
Compiled jquery.tokeninput.js  (1ms)  (pid 3792)
Compiled jqxlistbox.js  (1ms)  (pid 3792)
Compiled login.js  (0ms)  (pid 3792)
Compiled menu/jquery.cookie.js  (1ms)  (pid 3792)
Compiled menu/jquery.min.js  (1ms)  (pid 3792)
Compiled menu/sdmenu.js  (0ms)  (pid 3792)
Compiled specalities_masters.js  (1ms)  (pid 3792)
Compiled timings.js  (1ms)  (pid 3792)
Compiled top_up-min.js  (1ms)  (pid 3792)
Compiled tytabs.jquery.min.js  (0ms)  (pid 3792)
Compiled application.js  (1877ms)  (pid 3792)
